[INFO] Scanning for projects...
[INFO] 
[INFO] ---------------------------< com.rsr:entity >---------------------------
[INFO] Building entity 0.0.1-SNAPSHOT
[INFO] --------------------------------[ war ]---------------------------------
[INFO] 
[INFO] >>> spring-boot-maven-plugin:3.1.1:run (default-cli) > test-compile @ entity >>>
[INFO] 
[INFO] --- maven-resources-plugin:3.3.1:resources (default-resources) @ entity ---
[INFO] Copying 1 resource from src/main/resources to target/classes
[INFO] Copying 0 resource from src/main/resources to target/classes
[INFO] 
[INFO] --- maven-compiler-plugin:3.11.0:compile (default-compile) @ entity ---
[INFO] Nothing to compile - all classes are up to date
[INFO] 
[INFO] --- maven-resources-plugin:3.3.1:testResources (default-testResources) @ entity ---
[INFO] skip non existing resourceDirectory /workspaces/Entity3/entity3/src/test/resources
[INFO] 
[INFO] --- maven-compiler-plugin:3.11.0:testCompile (default-testCompile) @ entity ---
[INFO] Nothing to compile - all classes are up to date
[INFO] 
[INFO] <<< spring-boot-maven-plugin:3.1.1:run (default-cli) < test-compile @ entity <<<
[INFO] 
[INFO] 
[INFO] --- spring-boot-maven-plugin:3.1.1:run (default-cli) @ entity ---
[INFO] Attaching agents: []

  .   ____          _            __ _ _
 /\\ / ___'_ __ _ _(_)_ __  __ _ \ \ \ \
( ( )\___ | '_ | '_| | '_ \/ _` | \ \ \ \
 \\/  ___)| |_)| | | | | || (_| |  ) ) ) )
  '  |____| .__|_| |_|_| |_\__, | / / / /
 =========|_|==============|___/=/_/_/_/
 :: Spring Boot ::                (v3.1.1)

2025-02-28T09:44:34.431Z  INFO 1304 --- [           main] com.rsr.entity.EntityApplication         : Starting EntityApplication using Java 17.0.13 with PID 1304 (/workspaces/Entity3/entity3/target/classes started by vscode in /workspaces/Entity3/entity3)
2025-02-28T09:44:34.439Z  INFO 1304 --- [           main] com.rsr.entity.EntityApplication         : No active profile set, falling back to 1 default profile: "default"
2025-02-28T09:44:36.951Z  INFO 1304 --- [           main] .s.d.r.c.RepositoryConfigurationDelegate : Bootstrapping Spring Data JPA repositories in DEFAULT mode.
2025-02-28T09:44:37.038Z  INFO 1304 --- [           main] .s.d.r.c.RepositoryConfigurationDelegate : Finished Spring Data repository scanning in 77 ms. Found 6 JPA repository interfaces.
2025-02-28T09:44:38.125Z  INFO 1304 --- [           main] o.s.b.w.embedded.tomcat.TomcatWebServer  : Tomcat initialized with port(s): 8080 (http)
2025-02-28T09:44:38.140Z  INFO 1304 --- [           main] o.apache.catalina.core.StandardService   : Starting service [Tomcat]
2025-02-28T09:44:38.141Z  INFO 1304 --- [           main] o.apache.catalina.core.StandardEngine    : Starting Servlet engine: [Apache Tomcat/10.1.10]
2025-02-28T09:44:38.816Z  INFO 1304 --- [           main] o.a.c.c.C.[.[localhost].[/entity]        : Initializing Spring embedded WebApplicationContext
2025-02-28T09:44:38.819Z  INFO 1304 --- [           main] w.s.c.ServletWebServerApplicationContext : Root WebApplicationContext: initialization completed in 4231 ms
2025-02-28T09:44:39.183Z  INFO 1304 --- [           main] o.hibernate.jpa.internal.util.LogHelper  : HHH000204: Processing PersistenceUnitInfo [name: default]
2025-02-28T09:44:39.320Z  INFO 1304 --- [           main] org.hibernate.Version                    : HHH000412: Hibernate ORM core version 6.2.5.Final
2025-02-28T09:44:39.323Z  INFO 1304 --- [           main] org.hibernate.cfg.Environment            : HHH000406: Using bytecode reflection optimizer
2025-02-28T09:44:39.514Z  INFO 1304 --- [           main] o.h.b.i.BytecodeProviderInitiator        : HHH000021: Bytecode provider name : bytebuddy
2025-02-28T09:44:39.721Z  INFO 1304 --- [           main] o.s.o.j.p.SpringPersistenceUnitInfo      : No LoadTimeWeaver setup: ignoring JPA class transformer
2025-02-28T09:44:39.741Z  INFO 1304 --- [           main] com.zaxxer.hikari.HikariDataSource       : HikariPool-1 - Starting...
2025-02-28T09:44:41.301Z  INFO 1304 --- [           main] com.zaxxer.hikari.pool.HikariPool        : HikariPool-1 - Added connection org.postgresql.jdbc.PgConnection@68c34db2
2025-02-28T09:44:41.302Z  INFO 1304 --- [           main] com.zaxxer.hikari.HikariDataSource       : HikariPool-1 - Start completed.
2025-02-28T09:44:42.232Z  INFO 1304 --- [           main] o.h.b.i.BytecodeProviderInitiator        : HHH000021: Bytecode provider name : bytebuddy
2025-02-28T09:44:44.151Z  INFO 1304 --- [           main] o.h.e.t.j.p.i.JtaPlatformInitiator       : HHH000490: Using JtaPlatform implementation: [org.hibernate.engine.transaction.jta.platform.internal.NoJtaPlatform]
2025-02-28T09:44:44.413Z  INFO 1304 --- [           main] j.LocalContainerEntityManagerFactoryBean : Initialized JPA EntityManagerFactory for persistence unit 'default'
2025-02-28T09:44:45.076Z  INFO 1304 --- [           main] o.s.d.j.r.query.QueryEnhancerFactory     : Hibernate is in classpath; If applicable, HQL parser will be used.
2025-02-28T09:44:45.841Z  WARN 1304 --- [           main] JpaBaseConfiguration$JpaWebConfiguration : spring.jpa.open-in-view is enabled by default. Therefore, database queries may be performed during view rendering. Explicitly configure spring.jpa.open-in-view to disable this warning
2025-02-28T09:44:46.892Z  INFO 1304 --- [           main] o.s.b.w.embedded.tomcat.TomcatWebServer  : Tomcat started on port(s): 8080 (http) with context path '/entity'
2025-02-28T09:44:46.900Z  INFO 1304 --- [           main] com.rsr.entity.EntityApplication         : Started EntityApplication in 13.703 seconds (process running for 14.335)
2025-02-28T09:47:24.350Z  INFO 1304 --- [nio-8080-exec-1] o.a.c.c.C.[.[localhost].[/entity]        : Initializing Spring DispatcherServlet 'dispatcherServlet'
2025-02-28T09:47:24.351Z  INFO 1304 --- [nio-8080-exec-1] o.s.web.servlet.DispatcherServlet        : Initializing Servlet 'dispatcherServlet'
2025-02-28T09:47:24.352Z  INFO 1304 --- [nio-8080-exec-1] o.s.web.servlet.DispatcherServlet        : Completed initialization in 1 ms
Hibernate: 
    select
        u1_0.id,
        u1_0.area_id,
        u1_0.estatus,
        u1_0.password,
        u1_0.persona_id,
        u1_0.usuario 
    from
        Usuario u1_0
Hibernate: 
    select
        r1_0.usuarios_id,
        r1_1.id,
        r1_1.rol 
    from
        Usuario_roles r1_0 
    join
        Rol r1_1 
            on r1_1.id=r1_0.roles_id 
    where
        r1_0.usuarios_id=?
Hibernate: 
    select
        u1_0.id,
        u1_0.area_id,
        u1_0.estatus,
        u1_0.password,
        u1_0.persona_id,
        u1_0.usuario 
    from
        Usuario u1_0
Hibernate: 
    select
        r1_0.usuarios_id,
        r1_1.id,
        r1_1.rol 
    from
        Usuario_roles r1_0 
    join
        Rol r1_1 
            on r1_1.id=r1_0.roles_id 
    where
        r1_0.usuarios_id=?
